The target system is: PICO -  - cortex-m0plus
The host system is: Linux - 6.1.21-v8+ - aarch64
Compiling the C compiler identification source file "CMakeCCompilerId.c" succeeded.
Compiler: /usr/bin/arm-none-eabi-gcc 
Build flags: 
Id flags: -c 

The output was:
0


Compilation of the C compiler identification source "CMakeCCompilerId.c" produced "CMakeCCompilerId.o"

The C compiler identification is GNU, found in "/home/rob/pico-WSPRer/build/CMakeFiles/3.18.4/CompilerIdC/CMakeCCompilerId.o"

Compiling the CXX compiler identification source file "CMakeCXXCompilerId.cpp" succeeded.
Compiler: /usr/bin/arm-none-eabi-g++ 
Build flags: 
Id flags: -c 

The output was:
0


Compilation of the CXX compiler identification source "CMakeCXXCompilerId.cpp" produced "CMakeCXXCompilerId.o"

The CXX compiler identification is GNU, found in "/home/rob/pico-WSPRer/build/CMakeFiles/3.18.4/CompilerIdCXX/CMakeCXXCompilerId.o"

Checking whether the ASM compiler is GNU using "--version" matched "(GNU assembler)|(GCC)|(Free Software Foundation)":
arm-none-eabi-gcc (15:8-2019-q3-1+b1) 8.3.1 20190703 (release) [gcc-8-branch revision 273027]
Copyright (C) 2018 Free Software Foundation, Inc.
This is free software; see the source for copying conditions.  There is NO
warranty; not even for MERCHANTABILITY or FITNESS FOR A PARTICULAR PURPOSE.

Detecting C compiler ABI info compiled with the following output:
Change Dir: /home/rob/pico-WSPRer/build/CMakeFiles/CMakeTmp

Run Build Command(s):/usr/bin/gmake cmTC_5f83f/fast && /usr/bin/gmake  -f CMakeFiles/cmTC_5f83f.dir/build.make CMakeFiles/cmTC_5f83f.dir/build
gmake[1]: Entering directory '/home/rob/pico-WSPRer/build/CMakeFiles/CMakeTmp'
Building C object CMakeFiles/cmTC_5f83f.dir/CMakeCCompilerABI.c.obj
/usr/bin/arm-none-eabi-gcc   -mcpu=cortex-m0plus -mthumb    -v -std=gnu11 -o CMakeFiles/cmTC_5f83f.dir/CMakeCCompilerABI.c.obj -c /usr/share/cmake-3.18/Modules/CMakeCCompilerABI.c
Using built-in specs.
COLLECT_GCC=/usr/bin/arm-none-eabi-gcc
Target: arm-none-eabi
Configured with: ../configure --build=aarch64-linux-gnu --prefix=/usr --includedir='/usr/lib/include' --mandir='/usr/lib/share/man' --infodir='/usr/lib/share/info' --sysconfdir=/etc --localstatedir=/var --disable-option-checking --disable-silent-rules --libdir='/usr/lib/lib/aarch64-linux-gnu' --libexecdir='/usr/lib/lib/aarch64-linux-gnu' --disable-maintainer-mode --disable-dependency-tracking --mandir=/usr/share/man --enable-languages=c,c++,lto --enable-multilib --disable-decimal-float --disable-libffi --disable-libgomp --disable-libmudflap --disable-libquadmath --disable-libssp --disable-libstdcxx-pch --disable-nls --disable-shared --disable-threads --enable-tls --build=aarch64-linux-gnu --target=arm-none-eabi --with-system-zlib --with-gnu-as --with-gnu-ld --with-pkgversion=15:8-2019-q3-1+b1 --without-included-gettext --prefix=/usr/lib --infodir=/usr/share/doc/gcc-arm-none-eabi/info --htmldir=/usr/share/doc/gcc-arm-none-eabi/html --pdfdir=/usr/share/doc/gcc-arm-none-eabi/pdf --bindir=/usr/bin --libexecdir=/usr/lib --libdir=/usr/lib --disable-libstdc++-v3 --host=aarch64-linux-gnu --with-headers=no --without-newlib --with-multilib-list=rmprofile CFLAGS='-g -O2 -fdebug-prefix-map=/build/gcc-arm-none-eabi-R3yFaL/gcc-arm-none-eabi-8-2019-q3=. -fstack-protector-strong' CPPFLAGS='-Wdate-time -D_FORTIFY_SOURCE=2' CXXFLAGS='-g -O2 -fdebug-prefix-map=/build/gcc-arm-none-eabi-R3yFaL/gcc-arm-none-eabi-8-2019-q3=. -fstack-protector-strong' FCFLAGS='-g -O2 -fdebug-prefix-map=/build/gcc-arm-none-eabi-R3yFaL/gcc-arm-none-eabi-8-2019-q3=. -fstack-protector-strong' FFLAGS='-g -O2 -fdebug-prefix-map=/build/gcc-arm-none-eabi-R3yFaL/gcc-arm-none-eabi-8-2019-q3=. -fstack-protector-strong' GCJFLAGS='-g -O2 -fdebug-prefix-map=/build/gcc-arm-none-eabi-R3yFaL/gcc-arm-none-eabi-8-2019-q3=. -fstack-protector-strong' LDFLAGS=-Wl,-z,relro OBJCFLAGS='-g -O2 -fdebug-prefix-map=/build/gcc-arm-none-eabi-R3yFaL/gcc-arm-none-eabi-8-2019-q3=. -fstack-protector-strong' OBJCXXFLAGS='-g -O2 -fdebug-prefix-map=/build/gcc-arm-none-eabi-R3yFaL/gcc-arm-none-eabi-8-2019-q3=. -fstack-protector-strong' INHIBIT_LIBC_CFLAGS=-DUSE_TM_CLONE_REGISTRY=0 AR_FOR_TARGET=arm-none-eabi-ar AS_FOR_TARGET=arm-none-eabi-as LD_FOR_TARGET=arm-none-eabi-ld NM_FOR_TARGET=arm-none-eabi-nm OBJDUMP_FOR_TARGET=arm-none-eabi-objdump RANLIB_FOR_TARGET=arm-none-eabi-ranlib READELF_FOR_TARGET=arm-none-eabi-readelf STRIP_FOR_TARGET=arm-none-eabi-strip
Thread model: single
gcc version 8.3.1 20190703 (release) [gcc-8-branch revision 273027] (15:8-2019-q3-1+b1) 
COLLECT_GCC_OPTIONS='-mcpu=cortex-m0plus' '-mthumb' '-v' '-std=gnu11' '-o' 'CMakeFiles/cmTC_5f83f.dir/CMakeCCompilerABI.c.obj' '-c' '-mfloat-abi=soft' '-march=armv6s-m'
 /usr/lib/gcc/arm-none-eabi/8.3.1/cc1 -quiet -v -imultilib thumb/v6-m/nofp -D__USES_INITFINI__ /usr/share/cmake-3.18/Modules/CMakeCCompilerABI.c -quiet -dumpbase CMakeCCompilerABI.c -mcpu=cortex-m0plus -mthumb -mfloat-abi=soft -march=armv6s-m -auxbase-strip CMakeFiles/cmTC_5f83f.dir/CMakeCCompilerABI.c.obj -std=gnu11 -version -o /tmp/ccdOM0op.s
GNU C11 (15:8-2019-q3-1+b1) version 8.3.1 20190703 (release) [gcc-8-branch revision 273027] (arm-none-eabi)
	compiled by GNU C version 10.2.0, GMP version 6.2.1, MPFR version 4.1.0, MPC version 1.2.0, isl version isl-0.23-GMP

GGC heuristics: --param ggc-min-expand=92 --param ggc-min-heapsize=116429
ignoring nonexistent directory "/usr/lib/gcc/arm-none-eabi/8.3.1/../../../arm-none-eabi/sys-include"
#include "..." search starts here:
#include <...> search starts here:
 /usr/lib/gcc/arm-none-eabi/8.3.1/include
 /usr/lib/gcc/arm-none-eabi/8.3.1/include-fixed
 /usr/lib/gcc/arm-none-eabi/8.3.1/../../../arm-none-eabi/include
End of search list.
GNU C11 (15:8-2019-q3-1+b1) version 8.3.1 20190703 (release) [gcc-8-branch revision 273027] (arm-none-eabi)
	compiled by GNU C version 10.2.0, GMP version 6.2.1, MPFR version 4.1.0, MPC version 1.2.0, isl version isl-0.23-GMP

GGC heuristics: --param ggc-min-expand=92 --param ggc-min-heapsize=116429
Compiler executable checksum: 08d8385271ca9c13375db3be0c966aa0
COLLECT_GCC_OPTIONS='-mcpu=cortex-m0plus' '-mthumb' '-v' '-std=gnu11' '-o' 'CMakeFiles/cmTC_5f83f.dir/CMakeCCompilerABI.c.obj' '-c' '-mfloat-abi=soft' '-march=armv6s-m'
 /usr/lib/gcc/arm-none-eabi/8.3.1/../../../arm-none-eabi/bin/as -v -march=armv6s-m -mfloat-abi=soft -meabi=5 -o CMakeFiles/cmTC_5f83f.dir/CMakeCCompilerABI.c.obj /tmp/ccdOM0op.s
GNU assembler version 2.35.2 (arm-none-eabi) using BFD version (2.35.2-2+14+b2) 2.35.2
COMPILER_PATH=/usr/lib/gcc/arm-none-eabi/8.3.1/:/usr/lib/gcc/arm-none-eabi/8.3.1/:/usr/lib/gcc/arm-none-eabi/:/usr/lib/gcc/arm-none-eabi/8.3.1/:/usr/lib/gcc/arm-none-eabi/:/usr/lib/gcc/arm-none-eabi/8.3.1/../../../arm-none-eabi/bin/
LIBRARY_PATH=/usr/lib/gcc/arm-none-eabi/8.3.1/thumb/v6-m/nofp/:/usr/lib/gcc/arm-none-eabi/8.3.1/../../../arm-none-eabi/lib/thumb/v6-m/nofp/:/usr/lib/gcc/arm-none-eabi/8.3.1/:/usr/lib/gcc/arm-none-eabi/8.3.1/../../../arm-none-eabi/lib/
COLLECT_GCC_OPTIONS='-mcpu=cortex-m0plus' '-mthumb' '-v' '-std=gnu11' '-o' 'CMakeFiles/cmTC_5f83f.dir/CMakeCCompilerABI.c.obj' '-c' '-mfloat-abi=soft' '-march=armv6s-m'
Linking C executable cmTC_5f83f.elf
/usr/bin/cmake -E cmake_link_script CMakeFiles/cmTC_5f83f.dir/link.txt --verbose=1
/usr/bin/arm-none-eabi-gcc -mcpu=cortex-m0plus -mthumb  -Wl,--build-id=none -nostdlib  -v CMakeFiles/cmTC_5f83f.dir/CMakeCCompilerABI.c.obj -o cmTC_5f83f.elf 
Using built-in specs.
COLLECT_GCC=/usr/bin/arm-none-eabi-gcc
COLLECT_LTO_WRAPPER=/usr/lib/gcc/arm-none-eabi/8.3.1/lto-wrapper
Target: arm-none-eabi
Configured with: ../configure --build=aarch64-linux-gnu --prefix=/usr --includedir='/usr/lib/include' --mandir='/usr/lib/share/man' --infodir='/usr/lib/share/info' --sysconfdir=/etc --localstatedir=/var --disable-option-checking --disable-silent-rules --libdir='/usr/lib/lib/aarch64-linux-gnu' --libexecdir='/usr/lib/lib/aarch64-linux-gnu' --disable-maintainer-mode --disable-dependency-tracking --mandir=/usr/share/man --enable-languages=c,c++,lto --enable-multilib --disable-decimal-float --disable-libffi --disable-libgomp --disable-libmudflap --disable-libquadmath --disable-libssp --disable-libstdcxx-pch --disable-nls --disable-shared --disable-threads --enable-tls --build=aarch64-linux-gnu --target=arm-none-eabi --with-system-zlib --with-gnu-as --with-gnu-ld --with-pkgversion=15:8-2019-q3-1+b1 --without-included-gettext --prefix=/usr/lib --infodir=/usr/share/doc/gcc-arm-none-eabi/info --htmldir=/usr/share/doc/gcc-arm-none-eabi/html --pdfdir=/usr/share/doc/gcc-arm-none-eabi/pdf --bindir=/usr/bin --libexecdir=/usr/lib --libdir=/usr/lib --disable-libstdc++-v3 --host=aarch64-linux-gnu --with-headers=no --without-newlib --with-multilib-list=rmprofile CFLAGS='-g -O2 -fdebug-prefix-map=/build/gcc-arm-none-eabi-R3yFaL/gcc-arm-none-eabi-8-2019-q3=. -fstack-protector-strong' CPPFLAGS='-Wdate-time -D_FORTIFY_SOURCE=2' CXXFLAGS='-g -O2 -fdebug-prefix-map=/build/gcc-arm-none-eabi-R3yFaL/gcc-arm-none-eabi-8-2019-q3=. -fstack-protector-strong' FCFLAGS='-g -O2 -fdebug-prefix-map=/build/gcc-arm-none-eabi-R3yFaL/gcc-arm-none-eabi-8-2019-q3=. -fstack-protector-strong' FFLAGS='-g -O2 -fdebug-prefix-map=/build/gcc-arm-none-eabi-R3yFaL/gcc-arm-none-eabi-8-2019-q3=. -fstack-protector-strong' GCJFLAGS='-g -O2 -fdebug-prefix-map=/build/gcc-arm-none-eabi-R3yFaL/gcc-arm-none-eabi-8-2019-q3=. -fstack-protector-strong' LDFLAGS=-Wl,-z,relro OBJCFLAGS='-g -O2 -fdebug-prefix-map=/build/gcc-arm-none-eabi-R3yFaL/gcc-arm-none-eabi-8-2019-q3=. -fstack-protector-strong' OBJCXXFLAGS='-g -O2 -fdebug-prefix-map=/build/gcc-arm-none-eabi-R3yFaL/gcc-arm-none-eabi-8-2019-q3=. -fstack-protector-strong' INHIBIT_LIBC_CFLAGS=-DUSE_TM_CLONE_REGISTRY=0 AR_FOR_TARGET=arm-none-eabi-ar AS_FOR_TARGET=arm-none-eabi-as LD_FOR_TARGET=arm-none-eabi-ld NM_FOR_TARGET=arm-none-eabi-nm OBJDUMP_FOR_TARGET=arm-none-eabi-objdump RANLIB_FOR_TARGET=arm-none-eabi-ranlib READELF_FOR_TARGET=arm-none-eabi-readelf STRIP_FOR_TARGET=arm-none-eabi-strip
Thread model: single
gcc version 8.3.1 20190703 (release) [gcc-8-branch revision 273027] (15:8-2019-q3-1+b1) 
COMPILER_PATH=/usr/lib/gcc/arm-none-eabi/8.3.1/:/usr/lib/gcc/arm-none-eabi/8.3.1/:/usr/lib/gcc/arm-none-eabi/:/usr/lib/gcc/arm-none-eabi/8.3.1/:/usr/lib/gcc/arm-none-eabi/:/usr/lib/gcc/arm-none-eabi/8.3.1/../../../arm-none-eabi/bin/
LIBRARY_PATH=/usr/lib/gcc/arm-none-eabi/8.3.1/thumb/v6-m/nofp/:/usr/lib/gcc/arm-none-eabi/8.3.1/../../../arm-none-eabi/lib/thumb/v6-m/nofp/:/usr/lib/gcc/arm-none-eabi/8.3.1/:/usr/lib/gcc/arm-none-eabi/8.3.1/../../../arm-none-eabi/lib/
COLLECT_GCC_OPTIONS='-mcpu=cortex-m0plus' '-mthumb' '-nostdlib' '-v' '-o' 'cmTC_5f83f.elf' '-mfloat-abi=soft' '-march=armv6s-m'
 /usr/lib/gcc/arm-none-eabi/8.3.1/collect2 -plugin /usr/lib/gcc/arm-none-eabi/8.3.1/liblto_plugin.so -plugin-opt=/usr/lib/gcc/arm-none-eabi/8.3.1/lto-wrapper -plugin-opt=-fresolution=/tmp/ccujdDwP.res -X -o cmTC_5f83f.elf -L/usr/lib/gcc/arm-none-eabi/8.3.1/thumb/v6-m/nofp -L/usr/lib/gcc/arm-none-eabi/8.3.1/../../../arm-none-eabi/lib/thumb/v6-m/nofp -L/usr/lib/gcc/arm-none-eabi/8.3.1 -L/usr/lib/gcc/arm-none-eabi/8.3.1/../../../arm-none-eabi/lib --build-id=none CMakeFiles/cmTC_5f83f.dir/CMakeCCompilerABI.c.obj
/usr/lib/gcc/arm-none-eabi/8.3.1/../../../arm-none-eabi/bin/ld: warning: cannot find entry symbol _start; defaulting to 0000000000008000
COLLECT_GCC_OPTIONS='-mcpu=cortex-m0plus' '-mthumb' '-nostdlib' '-v' '-o' 'cmTC_5f83f.elf' '-mfloat-abi=soft' '-march=armv6s-m'
gmake[1]: Leaving directory '/home/rob/pico-WSPRer/build/CMakeFiles/CMakeTmp'



Parsed C implicit include dir info from above output: rv=done
  found start of include info
  found start of implicit include info
    add: [/usr/lib/gcc/arm-none-eabi/8.3.1/include]
    add: [/usr/lib/gcc/arm-none-eabi/8.3.1/include-fixed]
    add: [/usr/lib/gcc/arm-none-eabi/8.3.1/../../../arm-none-eabi/include]
  end of search list found
  collapse include dir [/usr/lib/gcc/arm-none-eabi/8.3.1/include] ==> [/usr/lib/gcc/arm-none-eabi/8.3.1/include]
  collapse include dir [/usr/lib/gcc/arm-none-eabi/8.3.1/include-fixed] ==> [/usr/lib/gcc/arm-none-eabi/8.3.1/include-fixed]
  collapse include dir [/usr/lib/gcc/arm-none-eabi/8.3.1/../../../arm-none-eabi/include] ==> [/usr/lib/arm-none-eabi/include]
  implicit include dirs: [/usr/lib/gcc/arm-none-eabi/8.3.1/include;/usr/lib/gcc/arm-none-eabi/8.3.1/include-fixed;/usr/lib/arm-none-eabi/include]


Parsed C implicit link information from above output:
  link line regex: [^( *|.*[/\])(arm-none-eabi-ld|CMAKE_LINK_STARTFILE-NOTFOUND|([^/\]+-)?ld|collect2)[^/\]*( |$)]
  ignore line: [Change Dir: /home/rob/pico-WSPRer/build/CMakeFiles/CMakeTmp]
  ignore line: []
  ignore line: [Run Build Command(s):/usr/bin/gmake cmTC_5f83f/fast && /usr/bin/gmake  -f CMakeFiles/cmTC_5f83f.dir/build.make CMakeFiles/cmTC_5f83f.dir/build]
  ignore line: [gmake[1]: Entering directory '/home/rob/pico-WSPRer/build/CMakeFiles/CMakeTmp']
  ignore line: [Building C object CMakeFiles/cmTC_5f83f.dir/CMakeCCompilerABI.c.obj]
  ignore line: [/usr/bin/arm-none-eabi-gcc   -mcpu=cortex-m0plus -mthumb    -v -std=gnu11 -o CMakeFiles/cmTC_5f83f.dir/CMakeCCompilerABI.c.obj -c /usr/share/cmake-3.18/Modules/CMakeCCompilerABI.c]
  ignore line: [Using built-in specs.]
  ignore line: [COLLECT_GCC=/usr/bin/arm-none-eabi-gcc]
  ignore line: [Target: arm-none-eabi]
  ignore line: [Configured with: ../configure --build=aarch64-linux-gnu --prefix=/usr --includedir='/usr/lib/include' --mandir='/usr/lib/share/man' --infodir='/usr/lib/share/info' --sysconfdir=/etc --localstatedir=/var --disable-option-checking --disable-silent-rules --libdir='/usr/lib/lib/aarch64-linux-gnu' --libexecdir='/usr/lib/lib/aarch64-linux-gnu' --disable-maintainer-mode --disable-dependency-tracking --mandir=/usr/share/man --enable-languages=c,c++,lto --enable-multilib --disable-decimal-float --disable-libffi --disable-libgomp --disable-libmudflap --disable-libquadmath --disable-libssp --disable-libstdcxx-pch --disable-nls --disable-shared --disable-threads --enable-tls --build=aarch64-linux-gnu --target=arm-none-eabi --with-system-zlib --with-gnu-as --with-gnu-ld --with-pkgversion=15:8-2019-q3-1+b1 --without-included-gettext --prefix=/usr/lib --infodir=/usr/share/doc/gcc-arm-none-eabi/info --htmldir=/usr/share/doc/gcc-arm-none-eabi/html --pdfdir=/usr/share/doc/gcc-arm-none-eabi/pdf --bindir=/usr/bin --libexecdir=/usr/lib --libdir=/usr/lib --disable-libstdc++-v3 --host=aarch64-linux-gnu --with-headers=no --without-newlib --with-multilib-list=rmprofile CFLAGS='-g -O2 -fdebug-prefix-map=/build/gcc-arm-none-eabi-R3yFaL/gcc-arm-none-eabi-8-2019-q3=. -fstack-protector-strong' CPPFLAGS='-Wdate-time -D_FORTIFY_SOURCE=2' CXXFLAGS='-g -O2 -fdebug-prefix-map=/build/gcc-arm-none-eabi-R3yFaL/gcc-arm-none-eabi-8-2019-q3=. -fstack-protector-strong' FCFLAGS='-g -O2 -fdebug-prefix-map=/build/gcc-arm-none-eabi-R3yFaL/gcc-arm-none-eabi-8-2019-q3=. -fstack-protector-strong' FFLAGS='-g -O2 -fdebug-prefix-map=/build/gcc-arm-none-eabi-R3yFaL/gcc-arm-none-eabi-8-2019-q3=. -fstack-protector-strong' GCJFLAGS='-g -O2 -fdebug-prefix-map=/build/gcc-arm-none-eabi-R3yFaL/gcc-arm-none-eabi-8-2019-q3=. -fstack-protector-strong' LDFLAGS=-Wl,-z,relro OBJCFLAGS='-g -O2 -fdebug-prefix-map=/build/gcc-arm-none-eabi-R3yFaL/gcc-arm-none-eabi-8-2019-q3=. -fstack-protector-strong' OBJCXXFLAGS='-g -O2 -fdebug-prefix-map=/build/gcc-arm-none-eabi-R3yFaL/gcc-arm-none-eabi-8-2019-q3=. -fstack-protector-strong' INHIBIT_LIBC_CFLAGS=-DUSE_TM_CLONE_REGISTRY=0 AR_FOR_TARGET=arm-none-eabi-ar AS_FOR_TARGET=arm-none-eabi-as LD_FOR_TARGET=arm-none-eabi-ld NM_FOR_TARGET=arm-none-eabi-nm OBJDUMP_FOR_TARGET=arm-none-eabi-objdump RANLIB_FOR_TARGET=arm-none-eabi-ranlib READELF_FOR_TARGET=arm-none-eabi-readelf STRIP_FOR_TARGET=arm-none-eabi-strip]
  ignore line: [Thread model: single]
  ignore line: [gcc version 8.3.1 20190703 (release) [gcc-8-branch revision 273027] (15:8-2019-q3-1+b1) ]
  ignore line: [COLLECT_GCC_OPTIONS='-mcpu=cortex-m0plus' '-mthumb' '-v' '-std=gnu11' '-o' 'CMakeFiles/cmTC_5f83f.dir/CMakeCCompilerABI.c.obj' '-c' '-mfloat-abi=soft' '-march=armv6s-m']
  ignore line: [ /usr/lib/gcc/arm-none-eabi/8.3.1/cc1 -quiet -v -imultilib thumb/v6-m/nofp -D__USES_INITFINI__ /usr/share/cmake-3.18/Modules/CMakeCCompilerABI.c -quiet -dumpbase CMakeCCompilerABI.c -mcpu=cortex-m0plus -mthumb -mfloat-abi=soft -march=armv6s-m -auxbase-strip CMakeFiles/cmTC_5f83f.dir/CMakeCCompilerABI.c.obj -std=gnu11 -version -o /tmp/ccdOM0op.s]
  ignore line: [GNU C11 (15:8-2019-q3-1+b1) version 8.3.1 20190703 (release) [gcc-8-branch revision 273027] (arm-none-eabi)]
  ignore line: [	compiled by GNU C version 10.2.0  GMP version 6.2.1  MPFR version 4.1.0  MPC version 1.2.0  isl version isl-0.23-GMP]
  ignore line: []
  ignore line: [GGC heuristics: --param ggc-min-expand=92 --param ggc-min-heapsize=116429]
  ignore line: [ignoring nonexistent directory "/usr/lib/gcc/arm-none-eabi/8.3.1/../../../arm-none-eabi/sys-include"]
  ignore line: [#include "..." search starts here:]
  ignore line: [#include <...> search starts here:]
  ignore line: [ /usr/lib/gcc/arm-none-eabi/8.3.1/include]
  ignore line: [ /usr/lib/gcc/arm-none-eabi/8.3.1/include-fixed]
  ignore line: [ /usr/lib/gcc/arm-none-eabi/8.3.1/../../../arm-none-eabi/include]
  ignore line: [End of search list.]
  ignore line: [GNU C11 (15:8-2019-q3-1+b1) version 8.3.1 20190703 (release) [gcc-8-branch revision 273027] (arm-none-eabi)]
  ignore line: [	compiled by GNU C version 10.2.0  GMP version 6.2.1  MPFR version 4.1.0  MPC version 1.2.0  isl version isl-0.23-GMP]
  ignore line: []
  ignore line: [GGC heuristics: --param ggc-min-expand=92 --param ggc-min-heapsize=116429]
  ignore line: [Compiler executable checksum: 08d8385271ca9c13375db3be0c966aa0]
  ignore line: [COLLECT_GCC_OPTIONS='-mcpu=cortex-m0plus' '-mthumb' '-v' '-std=gnu11' '-o' 'CMakeFiles/cmTC_5f83f.dir/CMakeCCompilerABI.c.obj' '-c' '-mfloat-abi=soft' '-march=armv6s-m']
  ignore line: [ /usr/lib/gcc/arm-none-eabi/8.3.1/../../../arm-none-eabi/bin/as -v -march=armv6s-m -mfloat-abi=soft -meabi=5 -o CMakeFiles/cmTC_5f83f.dir/CMakeCCompilerABI.c.obj /tmp/ccdOM0op.s]
  ignore line: [GNU assembler version 2.35.2 (arm-none-eabi) using BFD version (2.35.2-2+14+b2) 2.35.2]
  ignore line: [COMPILER_PATH=/usr/lib/gcc/arm-none-eabi/8.3.1/:/usr/lib/gcc/arm-none-eabi/8.3.1/:/usr/lib/gcc/arm-none-eabi/:/usr/lib/gcc/arm-none-eabi/8.3.1/:/usr/lib/gcc/arm-none-eabi/:/usr/lib/gcc/arm-none-eabi/8.3.1/../../../arm-none-eabi/bin/]
  ignore line: [LIBRARY_PATH=/usr/lib/gcc/arm-none-eabi/8.3.1/thumb/v6-m/nofp/:/usr/lib/gcc/arm-none-eabi/8.3.1/../../../arm-none-eabi/lib/thumb/v6-m/nofp/:/usr/lib/gcc/arm-none-eabi/8.3.1/:/usr/lib/gcc/arm-none-eabi/8.3.1/../../../arm-none-eabi/lib/]
  ignore line: [COLLECT_GCC_OPTIONS='-mcpu=cortex-m0plus' '-mthumb' '-v' '-std=gnu11' '-o' 'CMakeFiles/cmTC_5f83f.dir/CMakeCCompilerABI.c.obj' '-c' '-mfloat-abi=soft' '-march=armv6s-m']
  ignore line: [Linking C executable cmTC_5f83f.elf]
  ignore line: [/usr/bin/cmake -E cmake_link_script CMakeFiles/cmTC_5f83f.dir/link.txt --verbose=1]
  ignore line: [/usr/bin/arm-none-eabi-gcc -mcpu=cortex-m0plus -mthumb  -Wl --build-id=none -nostdlib  -v CMakeFiles/cmTC_5f83f.dir/CMakeCCompilerABI.c.obj -o cmTC_5f83f.elf ]
  ignore line: [Using built-in specs.]
  ignore line: [COLLECT_GCC=/usr/bin/arm-none-eabi-gcc]
  ignore line: [COLLECT_LTO_WRAPPER=/usr/lib/gcc/arm-none-eabi/8.3.1/lto-wrapper]
  ignore line: [Target: arm-none-eabi]
  ignore line: [Configured with: ../configure --build=aarch64-linux-gnu --prefix=/usr --includedir='/usr/lib/include' --mandir='/usr/lib/share/man' --infodir='/usr/lib/share/info' --sysconfdir=/etc --localstatedir=/var --disable-option-checking --disable-silent-rules --libdir='/usr/lib/lib/aarch64-linux-gnu' --libexecdir='/usr/lib/lib/aarch64-linux-gnu' --disable-maintainer-mode --disable-dependency-tracking --mandir=/usr/share/man --enable-languages=c,c++,lto --enable-multilib --disable-decimal-float --disable-libffi --disable-libgomp --disable-libmudflap --disable-libquadmath --disable-libssp --disable-libstdcxx-pch --disable-nls --disable-shared --disable-threads --enable-tls --build=aarch64-linux-gnu --target=arm-none-eabi --with-system-zlib --with-gnu-as --with-gnu-ld --with-pkgversion=15:8-2019-q3-1+b1 --without-included-gettext --prefix=/usr/lib --infodir=/usr/share/doc/gcc-arm-none-eabi/info --htmldir=/usr/share/doc/gcc-arm-none-eabi/html --pdfdir=/usr/share/doc/gcc-arm-none-eabi/pdf --bindir=/usr/bin --libexecdir=/usr/lib --libdir=/usr/lib --disable-libstdc++-v3 --host=aarch64-linux-gnu --with-headers=no --without-newlib --with-multilib-list=rmprofile CFLAGS='-g -O2 -fdebug-prefix-map=/build/gcc-arm-none-eabi-R3yFaL/gcc-arm-none-eabi-8-2019-q3=. -fstack-protector-strong' CPPFLAGS='-Wdate-time -D_FORTIFY_SOURCE=2' CXXFLAGS='-g -O2 -fdebug-prefix-map=/build/gcc-arm-none-eabi-R3yFaL/gcc-arm-none-eabi-8-2019-q3=. -fstack-protector-strong' FCFLAGS='-g -O2 -fdebug-prefix-map=/build/gcc-arm-none-eabi-R3yFaL/gcc-arm-none-eabi-8-2019-q3=. -fstack-protector-strong' FFLAGS='-g -O2 -fdebug-prefix-map=/build/gcc-arm-none-eabi-R3yFaL/gcc-arm-none-eabi-8-2019-q3=. -fstack-protector-strong' GCJFLAGS='-g -O2 -fdebug-prefix-map=/build/gcc-arm-none-eabi-R3yFaL/gcc-arm-none-eabi-8-2019-q3=. -fstack-protector-strong' LDFLAGS=-Wl,-z,relro OBJCFLAGS='-g -O2 -fdebug-prefix-map=/build/gcc-arm-none-eabi-R3yFaL/gcc-arm-none-eabi-8-2019-q3=. -fstack-protector-strong' OBJCXXFLAGS='-g -O2 -fdebug-prefix-map=/build/gcc-arm-none-eabi-R3yFaL/gcc-arm-none-eabi-8-2019-q3=. -fstack-protector-strong' INHIBIT_LIBC_CFLAGS=-DUSE_TM_CLONE_REGISTRY=0 AR_FOR_TARGET=arm-none-eabi-ar AS_FOR_TARGET=arm-none-eabi-as LD_FOR_TARGET=arm-none-eabi-ld NM_FOR_TARGET=arm-none-eabi-nm OBJDUMP_FOR_TARGET=arm-none-eabi-objdump RANLIB_FOR_TARGET=arm-none-eabi-ranlib READELF_FOR_TARGET=arm-none-eabi-readelf STRIP_FOR_TARGET=arm-none-eabi-strip]
  ignore line: [Thread model: single]
  ignore line: [gcc version 8.3.1 20190703 (release) [gcc-8-branch revision 273027] (15:8-2019-q3-1+b1) ]
  ignore line: [COMPILER_PATH=/usr/lib/gcc/arm-none-eabi/8.3.1/:/usr/lib/gcc/arm-none-eabi/8.3.1/:/usr/lib/gcc/arm-none-eabi/:/usr/lib/gcc/arm-none-eabi/8.3.1/:/usr/lib/gcc/arm-none-eabi/:/usr/lib/gcc/arm-none-eabi/8.3.1/../../../arm-none-eabi/bin/]
  ignore line: [LIBRARY_PATH=/usr/lib/gcc/arm-none-eabi/8.3.1/thumb/v6-m/nofp/:/usr/lib/gcc/arm-none-eabi/8.3.1/../../../arm-none-eabi/lib/thumb/v6-m/nofp/:/usr/lib/gcc/arm-none-eabi/8.3.1/:/usr/lib/gcc/arm-none-eabi/8.3.1/../../../arm-none-eabi/lib/]
  ignore line: [COLLECT_GCC_OPTIONS='-mcpu=cortex-m0plus' '-mthumb' '-nostdlib' '-v' '-o' 'cmTC_5f83f.elf' '-mfloat-abi=soft' '-march=armv6s-m']
  link line: [ /usr/lib/gcc/arm-none-eabi/8.3.1/collect2 -plugin /usr/lib/gcc/arm-none-eabi/8.3.1/liblto_plugin.so -plugin-opt=/usr/lib/gcc/arm-none-eabi/8.3.1/lto-wrapper -plugin-opt=-fresolution=/tmp/ccujdDwP.res -X -o cmTC_5f83f.elf -L/usr/lib/gcc/arm-none-eabi/8.3.1/thumb/v6-m/nofp -L/usr/lib/gcc/arm-none-eabi/8.3.1/../../../arm-none-eabi/lib/thumb/v6-m/nofp -L/usr/lib/gcc/arm-none-eabi/8.3.1 -L/usr/lib/gcc/arm-none-eabi/8.3.1/../../../arm-none-eabi/lib --build-id=none CMakeFiles/cmTC_5f83f.dir/CMakeCCompilerABI.c.obj]
    arg [/usr/lib/gcc/arm-none-eabi/8.3.1/collect2] ==> ignore
    arg [-plugin] ==> ignore
    arg [/usr/lib/gcc/arm-none-eabi/8.3.1/liblto_plugin.so] ==> ignore
    arg [-plugin-opt=/usr/lib/gcc/arm-none-eabi/8.3.1/lto-wrapper] ==> ignore
    arg [-plugin-opt=-fresolution=/tmp/ccujdDwP.res] ==> ignore
    arg [-X] ==> ignore
    arg [-o] ==> ignore
    arg [cmTC_5f83f.elf] ==> ignore
    arg [-L/usr/lib/gcc/arm-none-eabi/8.3.1/thumb/v6-m/nofp] ==> dir [/usr/lib/gcc/arm-none-eabi/8.3.1/thumb/v6-m/nofp]
    arg [-L/usr/lib/gcc/arm-none-eabi/8.3.1/../../../arm-none-eabi/lib/thumb/v6-m/nofp] ==> dir [/usr/lib/gcc/arm-none-eabi/8.3.1/../../../arm-none-eabi/lib/thumb/v6-m/nofp]
    arg [-L/usr/lib/gcc/arm-none-eabi/8.3.1] ==> dir [/usr/lib/gcc/arm-none-eabi/8.3.1]
    arg [-L/usr/lib/gcc/arm-none-eabi/8.3.1/../../../arm-none-eabi/lib] ==> dir [/usr/lib/gcc/arm-none-eabi/8.3.1/../../../arm-none-eabi/lib]
    arg [--build-id=none] ==> ignore
    arg [CMakeFiles/cmTC_5f83f.dir/CMakeCCompilerABI.c.obj] ==> ignore
  collapse library dir [/usr/lib/gcc/arm-none-eabi/8.3.1/thumb/v6-m/nofp] ==> [/usr/lib/gcc/arm-none-eabi/8.3.1/thumb/v6-m/nofp]
  collapse library dir [/usr/lib/gcc/arm-none-eabi/8.3.1/../../../arm-none-eabi/lib/thumb/v6-m/nofp] ==> [/usr/lib/arm-none-eabi/lib/thumb/v6-m/nofp]
  collapse library dir [/usr/lib/gcc/arm-none-eabi/8.3.1] ==> [/usr/lib/gcc/arm-none-eabi/8.3.1]
  collapse library dir [/usr/lib/gcc/arm-none-eabi/8.3.1/../../../arm-none-eabi/lib] ==> [/usr/lib/arm-none-eabi/lib]
  implicit libs: []
  implicit dirs: [/usr/lib/gcc/arm-none-eabi/8.3.1/thumb/v6-m/nofp;/usr/lib/arm-none-eabi/lib/thumb/v6-m/nofp;/usr/lib/gcc/arm-none-eabi/8.3.1;/usr/lib/arm-none-eabi/lib]
  implicit fwks: []


Detecting CXX compiler ABI info compiled with the following output:
Change Dir: /home/rob/pico-WSPRer/build/CMakeFiles/CMakeTmp

Run Build Command(s):/usr/bin/gmake cmTC_8e45a/fast && /usr/bin/gmake  -f CMakeFiles/cmTC_8e45a.dir/build.make CMakeFiles/cmTC_8e45a.dir/build
gmake[1]: Entering directory '/home/rob/pico-WSPRer/build/CMakeFiles/CMakeTmp'
Building CXX object CMakeFiles/cmTC_8e45a.dir/CMakeCXXCompilerABI.cpp.obj
/usr/bin/arm-none-eabi-g++   -mcpu=cortex-m0plus -mthumb    -v -std=gnu++17 -o CMakeFiles/cmTC_8e45a.dir/CMakeCXXCompilerABI.cpp.obj -c /usr/share/cmake-3.18/Modules/CMakeCXXCompilerABI.cpp
Using built-in specs.
COLLECT_GCC=/usr/bin/arm-none-eabi-g++
Target: arm-none-eabi
Configured with: ../configure --build=aarch64-linux-gnu --prefix=/usr --includedir='/usr/lib/include' --mandir='/usr/lib/share/man' --infodir='/usr/lib/share/info' --sysconfdir=/etc --localstatedir=/var --disable-option-checking --disable-silent-rules --libdir='/usr/lib/lib/aarch64-linux-gnu' --libexecdir='/usr/lib/lib/aarch64-linux-gnu' --disable-maintainer-mode --disable-dependency-tracking --mandir=/usr/share/man --enable-languages=c,c++,lto --enable-multilib --disable-decimal-float --disable-libffi --disable-libgomp --disable-libmudflap --disable-libquadmath --disable-libssp --disable-libstdcxx-pch --disable-nls --disable-shared --disable-threads --enable-tls --build=aarch64-linux-gnu --target=arm-none-eabi --with-system-zlib --with-gnu-as --with-gnu-ld --with-pkgversion=15:8-2019-q3-1+b1 --without-included-gettext --prefix=/usr/lib --infodir=/usr/share/doc/gcc-arm-none-eabi/info --htmldir=/usr/share/doc/gcc-arm-none-eabi/html --pdfdir=/usr/share/doc/gcc-arm-none-eabi/pdf --bindir=/usr/bin --libexecdir=/usr/lib --libdir=/usr/lib --disable-libstdc++-v3 --host=aarch64-linux-gnu --with-headers=no --without-newlib --with-multilib-list=rmprofile CFLAGS='-g -O2 -fdebug-prefix-map=/build/gcc-arm-none-eabi-R3yFaL/gcc-arm-none-eabi-8-2019-q3=. -fstack-protector-strong' CPPFLAGS='-Wdate-time -D_FORTIFY_SOURCE=2' CXXFLAGS='-g -O2 -fdebug-prefix-map=/build/gcc-arm-none-eabi-R3yFaL/gcc-arm-none-eabi-8-2019-q3=. -fstack-protector-strong' FCFLAGS='-g -O2 -fdebug-prefix-map=/build/gcc-arm-none-eabi-R3yFaL/gcc-arm-none-eabi-8-2019-q3=. -fstack-protector-strong' FFLAGS='-g -O2 -fdebug-prefix-map=/build/gcc-arm-none-eabi-R3yFaL/gcc-arm-none-eabi-8-2019-q3=. -fstack-protector-strong' GCJFLAGS='-g -O2 -fdebug-prefix-map=/build/gcc-arm-none-eabi-R3yFaL/gcc-arm-none-eabi-8-2019-q3=. -fstack-protector-strong' LDFLAGS=-Wl,-z,relro OBJCFLAGS='-g -O2 -fdebug-prefix-map=/build/gcc-arm-none-eabi-R3yFaL/gcc-arm-none-eabi-8-2019-q3=. -fstack-protector-strong' OBJCXXFLAGS='-g -O2 -fdebug-prefix-map=/build/gcc-arm-none-eabi-R3yFaL/gcc-arm-none-eabi-8-2019-q3=. -fstack-protector-strong' INHIBIT_LIBC_CFLAGS=-DUSE_TM_CLONE_REGISTRY=0 AR_FOR_TARGET=arm-none-eabi-ar AS_FOR_TARGET=arm-none-eabi-as LD_FOR_TARGET=arm-none-eabi-ld NM_FOR_TARGET=arm-none-eabi-nm OBJDUMP_FOR_TARGET=arm-none-eabi-objdump RANLIB_FOR_TARGET=arm-none-eabi-ranlib READELF_FOR_TARGET=arm-none-eabi-readelf STRIP_FOR_TARGET=arm-none-eabi-strip
Thread model: single
gcc version 8.3.1 20190703 (release) [gcc-8-branch revision 273027] (15:8-2019-q3-1+b1) 
COLLECT_GCC_OPTIONS='-mcpu=cortex-m0plus' '-mthumb' '-v' '-std=gnu++17' '-o' 'CMakeFiles/cmTC_8e45a.dir/CMakeCXXCompilerABI.cpp.obj' '-c' '-mfloat-abi=soft' '-march=armv6s-m'
 /usr/lib/gcc/arm-none-eabi/8.3.1/cc1plus -quiet -v -imultilib thumb/v6-m/nofp -D__USES_INITFINI__ /usr/share/cmake-3.18/Modules/CMakeCXXCompilerABI.cpp -quiet -dumpbase CMakeCXXCompilerABI.cpp -mcpu=cortex-m0plus -mthumb -mfloat-abi=soft -march=armv6s-m -auxbase-strip CMakeFiles/cmTC_8e45a.dir/CMakeCXXCompilerABI.cpp.obj -std=gnu++17 -version -o /tmp/ccgXYByn.s
GNU C++17 (15:8-2019-q3-1+b1) version 8.3.1 20190703 (release) [gcc-8-branch revision 273027] (arm-none-eabi)
	compiled by GNU C version 10.2.0, GMP version 6.2.1, MPFR version 4.1.0, MPC version 1.2.0, isl version isl-0.23-GMP

GGC heuristics: --param ggc-min-expand=92 --param ggc-min-heapsize=116429
ignoring nonexistent directory "/usr/lib/gcc/arm-none-eabi/8.3.1/../../../arm-none-eabi/sys-include"
#include "..." search starts here:
#include <...> search starts here:
 /usr/lib/gcc/arm-none-eabi/8.3.1/../../../arm-none-eabi/include/c++/8.3.1
 /usr/lib/gcc/arm-none-eabi/8.3.1/../../../arm-none-eabi/include/c++/8.3.1/arm-none-eabi/thumb/v6-m/nofp
 /usr/lib/gcc/arm-none-eabi/8.3.1/../../../arm-none-eabi/include/c++/8.3.1/backward
 /usr/lib/gcc/arm-none-eabi/8.3.1/include
 /usr/lib/gcc/arm-none-eabi/8.3.1/include-fixed
 /usr/lib/gcc/arm-none-eabi/8.3.1/../../../arm-none-eabi/include
End of search list.
GNU C++17 (15:8-2019-q3-1+b1) version 8.3.1 20190703 (release) [gcc-8-branch revision 273027] (arm-none-eabi)
	compiled by GNU C version 10.2.0, GMP version 6.2.1, MPFR version 4.1.0, MPC version 1.2.0, isl version isl-0.23-GMP

GGC heuristics: --param ggc-min-expand=92 --param ggc-min-heapsize=116429
Compiler executable checksum: 783a14b16c6df2357926085dd992c710
COLLECT_GCC_OPTIONS='-mcpu=cortex-m0plus' '-mthumb' '-v' '-std=gnu++17' '-o' 'CMakeFiles/cmTC_8e45a.dir/CMakeCXXCompilerABI.cpp.obj' '-c' '-mfloat-abi=soft' '-march=armv6s-m'
 /usr/lib/gcc/arm-none-eabi/8.3.1/../../../arm-none-eabi/bin/as -v -march=armv6s-m -mfloat-abi=soft -meabi=5 -o CMakeFiles/cmTC_8e45a.dir/CMakeCXXCompilerABI.cpp.obj /tmp/ccgXYByn.s
GNU assembler version 2.35.2 (arm-none-eabi) using BFD version (2.35.2-2+14+b2) 2.35.2
COMPILER_PATH=/usr/lib/gcc/arm-none-eabi/8.3.1/:/usr/lib/gcc/arm-none-eabi/8.3.1/:/usr/lib/gcc/arm-none-eabi/:/usr/lib/gcc/arm-none-eabi/8.3.1/:/usr/lib/gcc/arm-none-eabi/:/usr/lib/gcc/arm-none-eabi/8.3.1/../../../arm-none-eabi/bin/
LIBRARY_PATH=/usr/lib/gcc/arm-none-eabi/8.3.1/thumb/v6-m/nofp/:/usr/lib/gcc/arm-none-eabi/8.3.1/../../../arm-none-eabi/lib/thumb/v6-m/nofp/:/usr/lib/gcc/arm-none-eabi/8.3.1/:/usr/lib/gcc/arm-none-eabi/8.3.1/../../../arm-none-eabi/lib/
COLLECT_GCC_OPTIONS='-mcpu=cortex-m0plus' '-mthumb' '-v' '-std=gnu++17' '-o' 'CMakeFiles/cmTC_8e45a.dir/CMakeCXXCompilerABI.cpp.obj' '-c' '-mfloat-abi=soft' '-march=armv6s-m'
Linking CXX executable cmTC_8e45a.elf
/usr/bin/cmake -E cmake_link_script CMakeFiles/cmTC_8e45a.dir/link.txt --verbose=1
/usr/bin/arm-none-eabi-g++ -mcpu=cortex-m0plus -mthumb  -Wl,--build-id=none -nostdlib  -v CMakeFiles/cmTC_8e45a.dir/CMakeCXXCompilerABI.cpp.obj -o cmTC_8e45a.elf 
Using built-in specs.
COLLECT_GCC=/usr/bin/arm-none-eabi-g++
COLLECT_LTO_WRAPPER=/usr/lib/gcc/arm-none-eabi/8.3.1/lto-wrapper
Target: arm-none-eabi
Configured with: ../configure --build=aarch64-linux-gnu --prefix=/usr --includedir='/usr/lib/include' --mandir='/usr/lib/share/man' --infodir='/usr/lib/share/info' --sysconfdir=/etc --localstatedir=/var --disable-option-checking --disable-silent-rules --libdir='/usr/lib/lib/aarch64-linux-gnu' --libexecdir='/usr/lib/lib/aarch64-linux-gnu' --disable-maintainer-mode --disable-dependency-tracking --mandir=/usr/share/man --enable-languages=c,c++,lto --enable-multilib --disable-decimal-float --disable-libffi --disable-libgomp --disable-libmudflap --disable-libquadmath --disable-libssp --disable-libstdcxx-pch --disable-nls --disable-shared --disable-threads --enable-tls --build=aarch64-linux-gnu --target=arm-none-eabi --with-system-zlib --with-gnu-as --with-gnu-ld --with-pkgversion=15:8-2019-q3-1+b1 --without-included-gettext --prefix=/usr/lib --infodir=/usr/share/doc/gcc-arm-none-eabi/info --htmldir=/usr/share/doc/gcc-arm-none-eabi/html --pdfdir=/usr/share/doc/gcc-arm-none-eabi/pdf --bindir=/usr/bin --libexecdir=/usr/lib --libdir=/usr/lib --disable-libstdc++-v3 --host=aarch64-linux-gnu --with-headers=no --without-newlib --with-multilib-list=rmprofile CFLAGS='-g -O2 -fdebug-prefix-map=/build/gcc-arm-none-eabi-R3yFaL/gcc-arm-none-eabi-8-2019-q3=. -fstack-protector-strong' CPPFLAGS='-Wdate-time -D_FORTIFY_SOURCE=2' CXXFLAGS='-g -O2 -fdebug-prefix-map=/build/gcc-arm-none-eabi-R3yFaL/gcc-arm-none-eabi-8-2019-q3=. -fstack-protector-strong' FCFLAGS='-g -O2 -fdebug-prefix-map=/build/gcc-arm-none-eabi-R3yFaL/gcc-arm-none-eabi-8-2019-q3=. -fstack-protector-strong' FFLAGS='-g -O2 -fdebug-prefix-map=/build/gcc-arm-none-eabi-R3yFaL/gcc-arm-none-eabi-8-2019-q3=. -fstack-protector-strong' GCJFLAGS='-g -O2 -fdebug-prefix-map=/build/gcc-arm-none-eabi-R3yFaL/gcc-arm-none-eabi-8-2019-q3=. -fstack-protector-strong' LDFLAGS=-Wl,-z,relro OBJCFLAGS='-g -O2 -fdebug-prefix-map=/build/gcc-arm-none-eabi-R3yFaL/gcc-arm-none-eabi-8-2019-q3=. -fstack-protector-strong' OBJCXXFLAGS='-g -O2 -fdebug-prefix-map=/build/gcc-arm-none-eabi-R3yFaL/gcc-arm-none-eabi-8-2019-q3=. -fstack-protector-strong' INHIBIT_LIBC_CFLAGS=-DUSE_TM_CLONE_REGISTRY=0 AR_FOR_TARGET=arm-none-eabi-ar AS_FOR_TARGET=arm-none-eabi-as LD_FOR_TARGET=arm-none-eabi-ld NM_FOR_TARGET=arm-none-eabi-nm OBJDUMP_FOR_TARGET=arm-none-eabi-objdump RANLIB_FOR_TARGET=arm-none-eabi-ranlib READELF_FOR_TARGET=arm-none-eabi-readelf STRIP_FOR_TARGET=arm-none-eabi-strip
Thread model: single
gcc version 8.3.1 20190703 (release) [gcc-8-branch revision 273027] (15:8-2019-q3-1+b1) 
COMPILER_PATH=/usr/lib/gcc/arm-none-eabi/8.3.1/:/usr/lib/gcc/arm-none-eabi/8.3.1/:/usr/lib/gcc/arm-none-eabi/:/usr/lib/gcc/arm-none-eabi/8.3.1/:/usr/lib/gcc/arm-none-eabi/:/usr/lib/gcc/arm-none-eabi/8.3.1/../../../arm-none-eabi/bin/
LIBRARY_PATH=/usr/lib/gcc/arm-none-eabi/8.3.1/thumb/v6-m/nofp/:/usr/lib/gcc/arm-none-eabi/8.3.1/../../../arm-none-eabi/lib/thumb/v6-m/nofp/:/usr/lib/gcc/arm-none-eabi/8.3.1/:/usr/lib/gcc/arm-none-eabi/8.3.1/../../../arm-none-eabi/lib/
COLLECT_GCC_OPTIONS='-mcpu=cortex-m0plus' '-mthumb' '-nostdlib' '-v' '-o' 'cmTC_8e45a.elf' '-mfloat-abi=soft' '-march=armv6s-m'
 /usr/lib/gcc/arm-none-eabi/8.3.1/collect2 -plugin /usr/lib/gcc/arm-none-eabi/8.3.1/liblto_plugin.so -plugin-opt=/usr/lib/gcc/arm-none-eabi/8.3.1/lto-wrapper -plugin-opt=-fresolution=/tmp/cctXSrEP.res -X -o cmTC_8e45a.elf -L/usr/lib/gcc/arm-none-eabi/8.3.1/thumb/v6-m/nofp -L/usr/lib/gcc/arm-none-eabi/8.3.1/../../../arm-none-eabi/lib/thumb/v6-m/nofp -L/usr/lib/gcc/arm-none-eabi/8.3.1 -L/usr/lib/gcc/arm-none-eabi/8.3.1/../../../arm-none-eabi/lib --build-id=none CMakeFiles/cmTC_8e45a.dir/CMakeCXXCompilerABI.cpp.obj
/usr/lib/gcc/arm-none-eabi/8.3.1/../../../arm-none-eabi/bin/ld: warning: cannot find entry symbol _start; defaulting to 0000000000008000
COLLECT_GCC_OPTIONS='-mcpu=cortex-m0plus' '-mthumb' '-nostdlib' '-v' '-o' 'cmTC_8e45a.elf' '-mfloat-abi=soft' '-march=armv6s-m'
gmake[1]: Leaving directory '/home/rob/pico-WSPRer/build/CMakeFiles/CMakeTmp'



Parsed CXX implicit include dir info from above output: rv=done
  found start of include info
  found start of implicit include info
    add: [/usr/lib/gcc/arm-none-eabi/8.3.1/../../../arm-none-eabi/include/c++/8.3.1]
    add: [/usr/lib/gcc/arm-none-eabi/8.3.1/../../../arm-none-eabi/include/c++/8.3.1/arm-none-eabi/thumb/v6-m/nofp]
    add: [/usr/lib/gcc/arm-none-eabi/8.3.1/../../../arm-none-eabi/include/c++/8.3.1/backward]
    add: [/usr/lib/gcc/arm-none-eabi/8.3.1/include]
    add: [/usr/lib/gcc/arm-none-eabi/8.3.1/include-fixed]
    add: [/usr/lib/gcc/arm-none-eabi/8.3.1/../../../arm-none-eabi/include]
  end of search list found
  collapse include dir [/usr/lib/gcc/arm-none-eabi/8.3.1/../../../arm-none-eabi/include/c++/8.3.1] ==> [/usr/lib/arm-none-eabi/include/c++/8.3.1]
  collapse include dir [/usr/lib/gcc/arm-none-eabi/8.3.1/../../../arm-none-eabi/include/c++/8.3.1/arm-none-eabi/thumb/v6-m/nofp] ==> [/usr/lib/arm-none-eabi/include/c++/8.3.1/arm-none-eabi/thumb/v6-m/nofp]
  collapse include dir [/usr/lib/gcc/arm-none-eabi/8.3.1/../../../arm-none-eabi/include/c++/8.3.1/backward] ==> [/usr/lib/arm-none-eabi/include/c++/8.3.1/backward]
  collapse include dir [/usr/lib/gcc/arm-none-eabi/8.3.1/include] ==> [/usr/lib/gcc/arm-none-eabi/8.3.1/include]
  collapse include dir [/usr/lib/gcc/arm-none-eabi/8.3.1/include-fixed] ==> [/usr/lib/gcc/arm-none-eabi/8.3.1/include-fixed]
  collapse include dir [/usr/lib/gcc/arm-none-eabi/8.3.1/../../../arm-none-eabi/include] ==> [/usr/lib/arm-none-eabi/include]
  implicit include dirs: [/usr/lib/arm-none-eabi/include/c++/8.3.1;/usr/lib/arm-none-eabi/include/c++/8.3.1/arm-none-eabi/thumb/v6-m/nofp;/usr/lib/arm-none-eabi/include/c++/8.3.1/backward;/usr/lib/gcc/arm-none-eabi/8.3.1/include;/usr/lib/gcc/arm-none-eabi/8.3.1/include-fixed;/usr/lib/arm-none-eabi/include]


Parsed CXX implicit link information from above output:
  link line regex: [^( *|.*[/\])(arm-none-eabi-ld|CMAKE_LINK_STARTFILE-NOTFOUND|([^/\]+-)?ld|collect2)[^/\]*( |$)]
  ignore line: [Change Dir: /home/rob/pico-WSPRer/build/CMakeFiles/CMakeTmp]
  ignore line: []
  ignore line: [Run Build Command(s):/usr/bin/gmake cmTC_8e45a/fast && /usr/bin/gmake  -f CMakeFiles/cmTC_8e45a.dir/build.make CMakeFiles/cmTC_8e45a.dir/build]
  ignore line: [gmake[1]: Entering directory '/home/rob/pico-WSPRer/build/CMakeFiles/CMakeTmp']
  ignore line: [Building CXX object CMakeFiles/cmTC_8e45a.dir/CMakeCXXCompilerABI.cpp.obj]
  ignore line: [/usr/bin/arm-none-eabi-g++   -mcpu=cortex-m0plus -mthumb    -v -std=gnu++17 -o CMakeFiles/cmTC_8e45a.dir/CMakeCXXCompilerABI.cpp.obj -c /usr/share/cmake-3.18/Modules/CMakeCXXCompilerABI.cpp]
  ignore line: [Using built-in specs.]
  ignore line: [COLLECT_GCC=/usr/bin/arm-none-eabi-g++]
  ignore line: [Target: arm-none-eabi]
  ignore line: [Configured with: ../configure --build=aarch64-linux-gnu --prefix=/usr --includedir='/usr/lib/include' --mandir='/usr/lib/share/man' --infodir='/usr/lib/share/info' --sysconfdir=/etc --localstatedir=/var --disable-option-checking --disable-silent-rules --libdir='/usr/lib/lib/aarch64-linux-gnu' --libexecdir='/usr/lib/lib/aarch64-linux-gnu' --disable-maintainer-mode --disable-dependency-tracking --mandir=/usr/share/man --enable-languages=c,c++,lto --enable-multilib --disable-decimal-float --disable-libffi --disable-libgomp --disable-libmudflap --disable-libquadmath --disable-libssp --disable-libstdcxx-pch --disable-nls --disable-shared --disable-threads --enable-tls --build=aarch64-linux-gnu --target=arm-none-eabi --with-system-zlib --with-gnu-as --with-gnu-ld --with-pkgversion=15:8-2019-q3-1+b1 --without-included-gettext --prefix=/usr/lib --infodir=/usr/share/doc/gcc-arm-none-eabi/info --htmldir=/usr/share/doc/gcc-arm-none-eabi/html --pdfdir=/usr/share/doc/gcc-arm-none-eabi/pdf --bindir=/usr/bin --libexecdir=/usr/lib --libdir=/usr/lib --disable-libstdc++-v3 --host=aarch64-linux-gnu --with-headers=no --without-newlib --with-multilib-list=rmprofile CFLAGS='-g -O2 -fdebug-prefix-map=/build/gcc-arm-none-eabi-R3yFaL/gcc-arm-none-eabi-8-2019-q3=. -fstack-protector-strong' CPPFLAGS='-Wdate-time -D_FORTIFY_SOURCE=2' CXXFLAGS='-g -O2 -fdebug-prefix-map=/build/gcc-arm-none-eabi-R3yFaL/gcc-arm-none-eabi-8-2019-q3=. -fstack-protector-strong' FCFLAGS='-g -O2 -fdebug-prefix-map=/build/gcc-arm-none-eabi-R3yFaL/gcc-arm-none-eabi-8-2019-q3=. -fstack-protector-strong' FFLAGS='-g -O2 -fdebug-prefix-map=/build/gcc-arm-none-eabi-R3yFaL/gcc-arm-none-eabi-8-2019-q3=. -fstack-protector-strong' GCJFLAGS='-g -O2 -fdebug-prefix-map=/build/gcc-arm-none-eabi-R3yFaL/gcc-arm-none-eabi-8-2019-q3=. -fstack-protector-strong' LDFLAGS=-Wl,-z,relro OBJCFLAGS='-g -O2 -fdebug-prefix-map=/build/gcc-arm-none-eabi-R3yFaL/gcc-arm-none-eabi-8-2019-q3=. -fstack-protector-strong' OBJCXXFLAGS='-g -O2 -fdebug-prefix-map=/build/gcc-arm-none-eabi-R3yFaL/gcc-arm-none-eabi-8-2019-q3=. -fstack-protector-strong' INHIBIT_LIBC_CFLAGS=-DUSE_TM_CLONE_REGISTRY=0 AR_FOR_TARGET=arm-none-eabi-ar AS_FOR_TARGET=arm-none-eabi-as LD_FOR_TARGET=arm-none-eabi-ld NM_FOR_TARGET=arm-none-eabi-nm OBJDUMP_FOR_TARGET=arm-none-eabi-objdump RANLIB_FOR_TARGET=arm-none-eabi-ranlib READELF_FOR_TARGET=arm-none-eabi-readelf STRIP_FOR_TARGET=arm-none-eabi-strip]
  ignore line: [Thread model: single]
  ignore line: [gcc version 8.3.1 20190703 (release) [gcc-8-branch revision 273027] (15:8-2019-q3-1+b1) ]
  ignore line: [COLLECT_GCC_OPTIONS='-mcpu=cortex-m0plus' '-mthumb' '-v' '-std=gnu++17' '-o' 'CMakeFiles/cmTC_8e45a.dir/CMakeCXXCompilerABI.cpp.obj' '-c' '-mfloat-abi=soft' '-march=armv6s-m']
  ignore line: [ /usr/lib/gcc/arm-none-eabi/8.3.1/cc1plus -quiet -v -imultilib thumb/v6-m/nofp -D__USES_INITFINI__ /usr/share/cmake-3.18/Modules/CMakeCXXCompilerABI.cpp -quiet -dumpbase CMakeCXXCompilerABI.cpp -mcpu=cortex-m0plus -mthumb -mfloat-abi=soft -march=armv6s-m -auxbase-strip CMakeFiles/cmTC_8e45a.dir/CMakeCXXCompilerABI.cpp.obj -std=gnu++17 -version -o /tmp/ccgXYByn.s]
  ignore line: [GNU C++17 (15:8-2019-q3-1+b1) version 8.3.1 20190703 (release) [gcc-8-branch revision 273027] (arm-none-eabi)]
  ignore line: [	compiled by GNU C version 10.2.0  GMP version 6.2.1  MPFR version 4.1.0  MPC version 1.2.0  isl version isl-0.23-GMP]
  ignore line: []
  ignore line: [GGC heuristics: --param ggc-min-expand=92 --param ggc-min-heapsize=116429]
  ignore line: [ignoring nonexistent directory "/usr/lib/gcc/arm-none-eabi/8.3.1/../../../arm-none-eabi/sys-include"]
  ignore line: [#include "..." search starts here:]
  ignore line: [#include <...> search starts here:]
  ignore line: [ /usr/lib/gcc/arm-none-eabi/8.3.1/../../../arm-none-eabi/include/c++/8.3.1]
  ignore line: [ /usr/lib/gcc/arm-none-eabi/8.3.1/../../../arm-none-eabi/include/c++/8.3.1/arm-none-eabi/thumb/v6-m/nofp]
  ignore line: [ /usr/lib/gcc/arm-none-eabi/8.3.1/../../../arm-none-eabi/include/c++/8.3.1/backward]
  ignore line: [ /usr/lib/gcc/arm-none-eabi/8.3.1/include]
  ignore line: [ /usr/lib/gcc/arm-none-eabi/8.3.1/include-fixed]
  ignore line: [ /usr/lib/gcc/arm-none-eabi/8.3.1/../../../arm-none-eabi/include]
  ignore line: [End of search list.]
  ignore line: [GNU C++17 (15:8-2019-q3-1+b1) version 8.3.1 20190703 (release) [gcc-8-branch revision 273027] (arm-none-eabi)]
  ignore line: [	compiled by GNU C version 10.2.0  GMP version 6.2.1  MPFR version 4.1.0  MPC version 1.2.0  isl version isl-0.23-GMP]
  ignore line: []
  ignore line: [GGC heuristics: --param ggc-min-expand=92 --param ggc-min-heapsize=116429]
  ignore line: [Compiler executable checksum: 783a14b16c6df2357926085dd992c710]
  ignore line: [COLLECT_GCC_OPTIONS='-mcpu=cortex-m0plus' '-mthumb' '-v' '-std=gnu++17' '-o' 'CMakeFiles/cmTC_8e45a.dir/CMakeCXXCompilerABI.cpp.obj' '-c' '-mfloat-abi=soft' '-march=armv6s-m']
  ignore line: [ /usr/lib/gcc/arm-none-eabi/8.3.1/../../../arm-none-eabi/bin/as -v -march=armv6s-m -mfloat-abi=soft -meabi=5 -o CMakeFiles/cmTC_8e45a.dir/CMakeCXXCompilerABI.cpp.obj /tmp/ccgXYByn.s]
  ignore line: [GNU assembler version 2.35.2 (arm-none-eabi) using BFD version (2.35.2-2+14+b2) 2.35.2]
  ignore line: [COMPILER_PATH=/usr/lib/gcc/arm-none-eabi/8.3.1/:/usr/lib/gcc/arm-none-eabi/8.3.1/:/usr/lib/gcc/arm-none-eabi/:/usr/lib/gcc/arm-none-eabi/8.3.1/:/usr/lib/gcc/arm-none-eabi/:/usr/lib/gcc/arm-none-eabi/8.3.1/../../../arm-none-eabi/bin/]
  ignore line: [LIBRARY_PATH=/usr/lib/gcc/arm-none-eabi/8.3.1/thumb/v6-m/nofp/:/usr/lib/gcc/arm-none-eabi/8.3.1/../../../arm-none-eabi/lib/thumb/v6-m/nofp/:/usr/lib/gcc/arm-none-eabi/8.3.1/:/usr/lib/gcc/arm-none-eabi/8.3.1/../../../arm-none-eabi/lib/]
  ignore line: [COLLECT_GCC_OPTIONS='-mcpu=cortex-m0plus' '-mthumb' '-v' '-std=gnu++17' '-o' 'CMakeFiles/cmTC_8e45a.dir/CMakeCXXCompilerABI.cpp.obj' '-c' '-mfloat-abi=soft' '-march=armv6s-m']
  ignore line: [Linking CXX executable cmTC_8e45a.elf]
  ignore line: [/usr/bin/cmake -E cmake_link_script CMakeFiles/cmTC_8e45a.dir/link.txt --verbose=1]
  ignore line: [/usr/bin/arm-none-eabi-g++ -mcpu=cortex-m0plus -mthumb  -Wl --build-id=none -nostdlib  -v CMakeFiles/cmTC_8e45a.dir/CMakeCXXCompilerABI.cpp.obj -o cmTC_8e45a.elf ]
  ignore line: [Using built-in specs.]
  ignore line: [COLLECT_GCC=/usr/bin/arm-none-eabi-g++]
  ignore line: [COLLECT_LTO_WRAPPER=/usr/lib/gcc/arm-none-eabi/8.3.1/lto-wrapper]
  ignore line: [Target: arm-none-eabi]
  ignore line: [Configured with: ../configure --build=aarch64-linux-gnu --prefix=/usr --includedir='/usr/lib/include' --mandir='/usr/lib/share/man' --infodir='/usr/lib/share/info' --sysconfdir=/etc --localstatedir=/var --disable-option-checking --disable-silent-rules --libdir='/usr/lib/lib/aarch64-linux-gnu' --libexecdir='/usr/lib/lib/aarch64-linux-gnu' --disable-maintainer-mode --disable-dependency-tracking --mandir=/usr/share/man --enable-languages=c,c++,lto --enable-multilib --disable-decimal-float --disable-libffi --disable-libgomp --disable-libmudflap --disable-libquadmath --disable-libssp --disable-libstdcxx-pch --disable-nls --disable-shared --disable-threads --enable-tls --build=aarch64-linux-gnu --target=arm-none-eabi --with-system-zlib --with-gnu-as --with-gnu-ld --with-pkgversion=15:8-2019-q3-1+b1 --without-included-gettext --prefix=/usr/lib --infodir=/usr/share/doc/gcc-arm-none-eabi/info --htmldir=/usr/share/doc/gcc-arm-none-eabi/html --pdfdir=/usr/share/doc/gcc-arm-none-eabi/pdf --bindir=/usr/bin --libexecdir=/usr/lib --libdir=/usr/lib --disable-libstdc++-v3 --host=aarch64-linux-gnu --with-headers=no --without-newlib --with-multilib-list=rmprofile CFLAGS='-g -O2 -fdebug-prefix-map=/build/gcc-arm-none-eabi-R3yFaL/gcc-arm-none-eabi-8-2019-q3=. -fstack-protector-strong' CPPFLAGS='-Wdate-time -D_FORTIFY_SOURCE=2' CXXFLAGS='-g -O2 -fdebug-prefix-map=/build/gcc-arm-none-eabi-R3yFaL/gcc-arm-none-eabi-8-2019-q3=. -fstack-protector-strong' FCFLAGS='-g -O2 -fdebug-prefix-map=/build/gcc-arm-none-eabi-R3yFaL/gcc-arm-none-eabi-8-2019-q3=. -fstack-protector-strong' FFLAGS='-g -O2 -fdebug-prefix-map=/build/gcc-arm-none-eabi-R3yFaL/gcc-arm-none-eabi-8-2019-q3=. -fstack-protector-strong' GCJFLAGS='-g -O2 -fdebug-prefix-map=/build/gcc-arm-none-eabi-R3yFaL/gcc-arm-none-eabi-8-2019-q3=. -fstack-protector-strong' LDFLAGS=-Wl,-z,relro OBJCFLAGS='-g -O2 -fdebug-prefix-map=/build/gcc-arm-none-eabi-R3yFaL/gcc-arm-none-eabi-8-2019-q3=. -fstack-protector-strong' OBJCXXFLAGS='-g -O2 -fdebug-prefix-map=/build/gcc-arm-none-eabi-R3yFaL/gcc-arm-none-eabi-8-2019-q3=. -fstack-protector-strong' INHIBIT_LIBC_CFLAGS=-DUSE_TM_CLONE_REGISTRY=0 AR_FOR_TARGET=arm-none-eabi-ar AS_FOR_TARGET=arm-none-eabi-as LD_FOR_TARGET=arm-none-eabi-ld NM_FOR_TARGET=arm-none-eabi-nm OBJDUMP_FOR_TARGET=arm-none-eabi-objdump RANLIB_FOR_TARGET=arm-none-eabi-ranlib READELF_FOR_TARGET=arm-none-eabi-readelf STRIP_FOR_TARGET=arm-none-eabi-strip]
  ignore line: [Thread model: single]
  ignore line: [gcc version 8.3.1 20190703 (release) [gcc-8-branch revision 273027] (15:8-2019-q3-1+b1) ]
  ignore line: [COMPILER_PATH=/usr/lib/gcc/arm-none-eabi/8.3.1/:/usr/lib/gcc/arm-none-eabi/8.3.1/:/usr/lib/gcc/arm-none-eabi/:/usr/lib/gcc/arm-none-eabi/8.3.1/:/usr/lib/gcc/arm-none-eabi/:/usr/lib/gcc/arm-none-eabi/8.3.1/../../../arm-none-eabi/bin/]
  ignore line: [LIBRARY_PATH=/usr/lib/gcc/arm-none-eabi/8.3.1/thumb/v6-m/nofp/:/usr/lib/gcc/arm-none-eabi/8.3.1/../../../arm-none-eabi/lib/thumb/v6-m/nofp/:/usr/lib/gcc/arm-none-eabi/8.3.1/:/usr/lib/gcc/arm-none-eabi/8.3.1/../../../arm-none-eabi/lib/]
  ignore line: [COLLECT_GCC_OPTIONS='-mcpu=cortex-m0plus' '-mthumb' '-nostdlib' '-v' '-o' 'cmTC_8e45a.elf' '-mfloat-abi=soft' '-march=armv6s-m']
  link line: [ /usr/lib/gcc/arm-none-eabi/8.3.1/collect2 -plugin /usr/lib/gcc/arm-none-eabi/8.3.1/liblto_plugin.so -plugin-opt=/usr/lib/gcc/arm-none-eabi/8.3.1/lto-wrapper -plugin-opt=-fresolution=/tmp/cctXSrEP.res -X -o cmTC_8e45a.elf -L/usr/lib/gcc/arm-none-eabi/8.3.1/thumb/v6-m/nofp -L/usr/lib/gcc/arm-none-eabi/8.3.1/../../../arm-none-eabi/lib/thumb/v6-m/nofp -L/usr/lib/gcc/arm-none-eabi/8.3.1 -L/usr/lib/gcc/arm-none-eabi/8.3.1/../../../arm-none-eabi/lib --build-id=none CMakeFiles/cmTC_8e45a.dir/CMakeCXXCompilerABI.cpp.obj]
    arg [/usr/lib/gcc/arm-none-eabi/8.3.1/collect2] ==> ignore
    arg [-plugin] ==> ignore
    arg [/usr/lib/gcc/arm-none-eabi/8.3.1/liblto_plugin.so] ==> ignore
    arg [-plugin-opt=/usr/lib/gcc/arm-none-eabi/8.3.1/lto-wrapper] ==> ignore
    arg [-plugin-opt=-fresolution=/tmp/cctXSrEP.res] ==> ignore
    arg [-X] ==> ignore
    arg [-o] ==> ignore
    arg [cmTC_8e45a.elf] ==> ignore
    arg [-L/usr/lib/gcc/arm-none-eabi/8.3.1/thumb/v6-m/nofp] ==> dir [/usr/lib/gcc/arm-none-eabi/8.3.1/thumb/v6-m/nofp]
    arg [-L/usr/lib/gcc/arm-none-eabi/8.3.1/../../../arm-none-eabi/lib/thumb/v6-m/nofp] ==> dir [/usr/lib/gcc/arm-none-eabi/8.3.1/../../../arm-none-eabi/lib/thumb/v6-m/nofp]
    arg [-L/usr/lib/gcc/arm-none-eabi/8.3.1] ==> dir [/usr/lib/gcc/arm-none-eabi/8.3.1]
    arg [-L/usr/lib/gcc/arm-none-eabi/8.3.1/../../../arm-none-eabi/lib] ==> dir [/usr/lib/gcc/arm-none-eabi/8.3.1/../../../arm-none-eabi/lib]
    arg [--build-id=none] ==> ignore
    arg [CMakeFiles/cmTC_8e45a.dir/CMakeCXXCompilerABI.cpp.obj] ==> ignore
  collapse library dir [/usr/lib/gcc/arm-none-eabi/8.3.1/thumb/v6-m/nofp] ==> [/usr/lib/gcc/arm-none-eabi/8.3.1/thumb/v6-m/nofp]
  collapse library dir [/usr/lib/gcc/arm-none-eabi/8.3.1/../../../arm-none-eabi/lib/thumb/v6-m/nofp] ==> [/usr/lib/arm-none-eabi/lib/thumb/v6-m/nofp]
  collapse library dir [/usr/lib/gcc/arm-none-eabi/8.3.1] ==> [/usr/lib/gcc/arm-none-eabi/8.3.1]
  collapse library dir [/usr/lib/gcc/arm-none-eabi/8.3.1/../../../arm-none-eabi/lib] ==> [/usr/lib/arm-none-eabi/lib]
  implicit libs: []
  implicit dirs: [/usr/lib/gcc/arm-none-eabi/8.3.1/thumb/v6-m/nofp;/usr/lib/arm-none-eabi/lib/thumb/v6-m/nofp;/usr/lib/gcc/arm-none-eabi/8.3.1;/usr/lib/arm-none-eabi/lib]
  implicit fwks: []


